app/build/intermediates/manifest_merge_blame_file/debug/manifest-merger-blame-debug-report.txt
1<?xml version="1.0" encoding="utf-8"?>
2<manifest xmlns:android="http://schemas.android.com/apk/res/android"
3    package="com.tamzi.kahawalove"
4    android:versionCode="1"
5    android:versionName="1.0" >
6
7    <uses-sdk
8        android:minSdkVersion="21"
8-->src\main\AndroidManifest.xml
9        android:targetSdkVersion="33" />
9-->src\main\AndroidManifest.xml
10
11    <queries>
11-->[androidx.test:runner:1.4.0] AndroidManifest.xml:24:5-28:15
12        <package android:name="androidx.test.orchestrator" />
12-->[androidx.test:runner:1.4.0] AndroidManifest.xml:25:9-62
12-->[androidx.test:runner:1.4.0] AndroidManifest.xml:25:18-59
13        <package android:name="androidx.test.services" />
13-->[androidx.test:runner:1.4.0] AndroidManifest.xml:26:9-58
13-->[androidx.test:runner:1.4.0] AndroidManifest.xml:26:18-55
14        <package android:name="com.google.android.apps.common.testing.services" />
14-->[androidx.test:runner:1.4.0] AndroidManifest.xml:27:9-83
14-->[androidx.test:runner:1.4.0] AndroidManifest.xml:27:18-80
15    </queries>
16
17    <uses-permission android:name="android.permission.REORDER_TASKS" />
17-->[androidx.test:core:1.4.0] AndroidManifest.xml:24:5-72
17-->[androidx.test:core:1.4.0] AndroidManifest.xml:24:22-69
18
19    <application
19-->src\main\AndroidManifest.xml:6:5-31:19
20        android:allowBackup="true"
20-->src\main\AndroidManifest.xml:7:9-35
21        android:appComponentFactory="androidx.core.app.CoreComponentFactory"
21-->[androidx.core:core:1.8.0] AndroidManifest.xml:24:18-86
22        android:dataExtractionRules="@xml/data_extraction_rules"
22-->src\main\AndroidManifest.xml:8:9-65
23        android:debuggable="true"
24        android:fullBackupContent="@xml/backup_rules"
24-->src\main\AndroidManifest.xml:9:9-54
25        android:icon="@mipmap/ic_launcher"
25-->src\main\AndroidManifest.xml:10:9-43
26        android:label="@string/app_name"
26-->src\main\AndroidManifest.xml:11:9-41
27        android:roundIcon="@mipmap/ic_launcher_round"
27-->src\main\AndroidManifest.xml:12:9-54
28        android:supportsRtl="true"
28-->src\main\AndroidManifest.xml:13:9-35
29        android:testOnly="true"
30        android:theme="@style/Theme.KahawaLove" >
30-->src\main\AndroidManifest.xml:14:9-48
31        <profileable android:shell="true" />
31-->src\main\AndroidManifest.xml:16:9-18:35
31-->src\main\AndroidManifest.xml:17:13-33
32
33        <activity
33-->src\main\AndroidManifest.xml:20:9-30:20
34            android:name="com.tamzi.kahawalove.MainActivity"
34-->src\main\AndroidManifest.xml:21:13-41
35            android:exported="true"
35-->src\main\AndroidManifest.xml:22:13-36
36            android:label="@string/app_name"
36-->src\main\AndroidManifest.xml:23:13-45
37            android:theme="@style/Theme.KahawaLove" >
37-->src\main\AndroidManifest.xml:24:13-52
38            <intent-filter>
38-->src\main\AndroidManifest.xml:25:13-29:29
39                <action android:name="android.intent.action.MAIN" />
39-->src\main\AndroidManifest.xml:26:17-69
39-->src\main\AndroidManifest.xml:26:25-66
40
41                <category android:name="android.intent.category.LAUNCHER" />
41-->src\main\AndroidManifest.xml:28:17-77
41-->src\main\AndroidManifest.xml:28:27-74
42            </intent-filter>
43        </activity>
44        <activity
44-->[androidx.compose.ui:ui-tooling:1.2.0-rc03] AndroidManifest.xml:24:9-26:39
45            android:name="androidx.compose.ui.tooling.PreviewActivity"
45-->[androidx.compose.ui:ui-tooling:1.2.0-rc03] AndroidManifest.xml:25:13-71
46            android:exported="true" />
46-->[androidx.compose.ui:ui-tooling:1.2.0-rc03] AndroidManifest.xml:26:13-36
47        <activity
47-->[androidx.test:core:1.4.0] AndroidManifest.xml:27:9-34:20
48            android:name="androidx.test.core.app.InstrumentationActivityInvoker$BootstrapActivity"
48-->[androidx.test:core:1.4.0] AndroidManifest.xml:28:13-99
49            android:exported="true"
49-->[androidx.test:core:1.4.0] AndroidManifest.xml:29:13-36
50            android:theme="@android:style/Theme" >
50-->[androidx.test:core:1.4.0] AndroidManifest.xml:30:13-49
51            <intent-filter>
51-->[androidx.test:core:1.4.0] AndroidManifest.xml:31:13-33:29
52                <action android:name="android.intent.action.MAIN" />
52-->src\main\AndroidManifest.xml:26:17-69
52-->src\main\AndroidManifest.xml:26:25-66
53            </intent-filter>
54        </activity>
55        <activity
55-->[androidx.test:core:1.4.0] AndroidManifest.xml:35:9-42:20
56            android:name="androidx.test.core.app.InstrumentationActivityInvoker$EmptyActivity"
56-->[androidx.test:core:1.4.0] AndroidManifest.xml:36:13-95
57            android:exported="true"
57-->[androidx.test:core:1.4.0] AndroidManifest.xml:37:13-36
58            android:theme="@android:style/Theme" >
58-->[androidx.test:core:1.4.0] AndroidManifest.xml:38:13-49
59            <intent-filter>
59-->[androidx.test:core:1.4.0] AndroidManifest.xml:31:13-33:29
60                <action android:name="android.intent.action.MAIN" />
60-->src\main\AndroidManifest.xml:26:17-69
60-->src\main\AndroidManifest.xml:26:25-66
61            </intent-filter>
62        </activity>
63        <activity
63-->[androidx.test:core:1.4.0] AndroidManifest.xml:43:9-50:20
64            android:name="androidx.test.core.app.InstrumentationActivityInvoker$EmptyFloatingActivity"
64-->[androidx.test:core:1.4.0] AndroidManifest.xml:44:13-103
65            android:exported="true"
65-->[androidx.test:core:1.4.0] AndroidManifest.xml:45:13-36
66            android:theme="@android:style/Theme.Dialog" >
66-->[androidx.test:core:1.4.0] AndroidManifest.xml:46:13-56
67            <intent-filter>
67-->[androidx.test:core:1.4.0] AndroidManifest.xml:31:13-33:29
68                <action android:name="android.intent.action.MAIN" />
68-->src\main\AndroidManifest.xml:26:17-69
68-->src\main\AndroidManifest.xml:26:25-66
69            </intent-filter>
70        </activity>
71        <activity
71-->[androidx.compose.ui:ui-test-manifest:1.2.0-rc03] AndroidManifest.xml:24:9-26:39
72            android:name="androidx.activity.ComponentActivity"
72-->[androidx.compose.ui:ui-test-manifest:1.2.0-rc03] AndroidManifest.xml:25:13-63
73            android:exported="true" />
73-->[androidx.compose.ui:ui-test-manifest:1.2.0-rc03] AndroidManifest.xml:26:13-36
74
75        <provider
75-->[androidx.profileinstaller:profileinstaller:1.2.0-rc01] AndroidManifest.xml:25:9-33:20
76            android:name="androidx.startup.InitializationProvider"
76-->[androidx.profileinstaller:profileinstaller:1.2.0-rc01] AndroidManifest.xml:26:13-67
77            android:authorities="com.tamzi.kahawalove.androidx-startup"
77-->[androidx.profileinstaller:profileinstaller:1.2.0-rc01] AndroidManifest.xml:27:13-68
78            android:exported="false" >
78-->[androidx.profileinstaller:profileinstaller:1.2.0-rc01] AndroidManifest.xml:28:13-37
79            <meta-data
79-->[androidx.profileinstaller:profileinstaller:1.2.0-rc01] AndroidManifest.xml:30:13-32:52
80                android:name="androidx.profileinstaller.ProfileInstallerInitializer"
80-->[androidx.profileinstaller:profileinstaller:1.2.0-rc01] AndroidManifest.xml:31:17-85
81                android:value="androidx.startup" />
81-->[androidx.profileinstaller:profileinstaller:1.2.0-rc01] AndroidManifest.xml:32:17-49
82        </provider>
83
84        <receiver
84-->[androidx.profileinstaller:profileinstaller:1.2.0-rc01] AndroidManifest.xml:35:9-47:20
85            android:name="androidx.profileinstaller.ProfileInstallReceiver"
85-->[androidx.profileinstaller:profileinstaller:1.2.0-rc01] AndroidManifest.xml:36:13-76
86            android:directBootAware="false"
86-->[androidx.profileinstaller:profileinstaller:1.2.0-rc01] AndroidManifest.xml:37:13-44
87            android:enabled="true"
87-->[androidx.profileinstaller:profileinstaller:1.2.0-rc01] AndroidManifest.xml:38:13-35
88            android:exported="true"
88-->[androidx.profileinstaller:profileinstaller:1.2.0-rc01] AndroidManifest.xml:39:13-36
89            android:permission="android.permission.DUMP" >
89-->[androidx.profileinstaller:profileinstaller:1.2.0-rc01] AndroidManifest.xml:40:13-57
90            <intent-filter>
90-->[androidx.profileinstaller:profileinstaller:1.2.0-rc01] AndroidManifest.xml:41:13-43:29
91                <action android:name="androidx.profileinstaller.action.INSTALL_PROFILE" />
91-->[androidx.profileinstaller:profileinstaller:1.2.0-rc01] AndroidManifest.xml:42:17-91
91-->[androidx.profileinstaller:profileinstaller:1.2.0-rc01] AndroidManifest.xml:42:25-88
92            </intent-filter>
93            <intent-filter>
93-->[androidx.profileinstaller:profileinstaller:1.2.0-rc01] AndroidManifest.xml:44:13-46:29
94                <action android:name="androidx.profileinstaller.action.SKIP_FILE" />
94-->[androidx.profileinstaller:profileinstaller:1.2.0-rc01] AndroidManifest.xml:45:17-85
94-->[androidx.profileinstaller:profileinstaller:1.2.0-rc01] AndroidManifest.xml:45:25-82
95            </intent-filter>
96        </receiver>
97    </application>
98
99</manifest>